[debug] [2019-07-24T15:19:18.509Z] ----------------------------------------------------------------------
[debug] [2019-07-24T15:19:18.517Z] Command:       C:\Program Files\nodejs\node.exe C:\Users\Mario\AppData\Roaming\npm\node_modules\firebase-tools\lib\bin\firebase.js serve
[debug] [2019-07-24T15:19:18.518Z] CLI Version:   7.1.1
[debug] [2019-07-24T15:19:18.518Z] Platform:      win32
[debug] [2019-07-24T15:19:18.518Z] Node Version:  v12.6.0
[debug] [2019-07-24T15:19:18.520Z] Time:          Wed Jul 24 2019 10:19:18 GMT-0500 (Central Daylight Time)
[debug] [2019-07-24T15:19:18.520Z] ----------------------------------------------------------------------
[debug] 
[debug] [2019-07-24T15:19:18.559Z] > command requires scopes: ["email","openid","https://www.googleapis.com/auth/cloudplatformprojects.readonly","https://www.googleapis.com/auth/firebase","https://www.googleapis.com/auth/cloud-platform"]
[debug] [2019-07-24T15:19:18.562Z] > authorizing via signed-in user
[debug] [2019-07-24T15:19:18.562Z] [iam] checking project untraveledroads-d9377 for permissions ["firebase.projects.get"]
[debug] [2019-07-24T15:19:18.568Z] > refreshing access token with scopes: ["email","https://www.googleapis.com/auth/cloud-platform","https://www.googleapis.com/auth/cloudplatformprojects.readonly","https://www.googleapis.com/auth/firebase","openid"]
[debug] [2019-07-24T15:19:18.569Z] >>> HTTP REQUEST POST https://www.googleapis.com/oauth2/v3/token  
 <request body omitted>
[debug] [2019-07-24T15:19:18.755Z] <<< HTTP RESPONSE 200
[debug] [2019-07-24T15:19:18.769Z] >>> HTTP REQUEST POST https://cloudresourcemanager.googleapis.com/v1/projects/untraveledroads-d9377:testIamPermissions  

[debug] [2019-07-24T15:19:18.880Z] <<< HTTP RESPONSE 200
[debug] [2019-07-24T15:19:18.883Z] >>> HTTP REQUEST GET https://firebase.googleapis.com/v1beta1/projects/untraveledroads-d9377  
 
[debug] [2019-07-24T15:19:19.045Z] <<< HTTP RESPONSE 200
[info] 
[info] === Serving from 'C:\Users\Mario\Documents\LaunchX\BasicPost'...
[info] 
[debug] [2019-07-24T15:19:19.055Z] >>> HTTP REQUEST GET https://firebase.googleapis.com/v1beta1/projects/untraveledroads-d9377/webApps/-/config  
 
[warn] !  Your requested "node" version "8" doesn't match your global version "12"
[debug] [2019-07-24T15:19:19.077Z] >>> HTTP REQUEST GET https://firebase.googleapis.com/v1beta1/projects/untraveledroads-d9377/adminSdkConfig  
 
[debug] [2019-07-24T15:19:19.169Z] <<< HTTP RESPONSE 200
[debug] [2019-07-24T15:19:19.352Z] <<< HTTP RESPONSE 200
[info] +  hosting: Local server: http://localhost:5000
[info] +  functions: Emulator started at http://localhost:5001
[info] i  functions: Watching "C:\Users\Mario\Documents\LaunchX\BasicPost\functions" for Cloud Functions...
[debug] [2019-07-24T15:19:20.339Z] [runtime-status] Functions runtime initialized. {"cwd":"C:\\Users\\Mario\\Documents\\LaunchX\\BasicPost\\functions","node_version":"12.6.0"}
[debug] [2019-07-24T15:19:20.340Z] [runtime-status] Disabled runtime features: {"functions_config_helper":true,"network_filtering":true,"timeout":true,"memory_limiting":true,"protect_env":true,"admin_stubs":true} {}
[debug] [2019-07-24T15:19:20.349Z] [runtime-status] Resolved module firebase-admin {"declared":true,"installed":true,"version":"8.2.0","resolution":"C:\\Users\\Mario\\Documents\\LaunchX\\BasicPost\\functions\\node_modules\\firebase-admin\\lib\\index.js"}
[debug] [2019-07-24T15:19:20.354Z] [runtime-status] Resolved module firebase-functions {"declared":true,"installed":true,"version":"3.1.0","resolution":"C:\\Users\\Mario\\Documents\\LaunchX\\BasicPost\\functions\\node_modules\\firebase-functions\\lib\\index.js"}
[debug] [2019-07-24T15:19:20.356Z] [runtime-status] Resolved module firebase-functions {"declared":true,"installed":true,"version":"3.1.0","resolution":"C:\\Users\\Mario\\Documents\\LaunchX\\BasicPost\\functions\\node_modules\\firebase-functions\\lib\\index.js"}
[debug] [2019-07-24T15:19:20.434Z] [runtime-status] Resolved module firebase-admin {"declared":true,"installed":true,"version":"8.2.0","resolution":"C:\\Users\\Mario\\Documents\\LaunchX\\BasicPost\\functions\\node_modules\\firebase-admin\\lib\\index.js"}
[debug] [2019-07-24T15:19:20.507Z] [runtime-status] firebase-admin has been stubbed. {"adminResolution":{"declared":true,"installed":true,"version":"8.2.0","resolution":"C:\\Users\\Mario\\Documents\\LaunchX\\BasicPost\\functions\\node_modules\\firebase-admin\\lib\\index.js"}}
